<?xml version="1.0" encoding="UTF-8"?>
<testsuite xmlns:xsi="http://www.w3.org/2001/XMLSchema-instance" xsi:noNamespaceSchemaLocation="https://maven.apache.org/surefire/maven-surefire-plugin/xsd/surefire-test-report.xsd" version="3.0.2" name="com.learning.deployment.testapp.TestappApplicationTests" time="2.37" tests="1" errors="0" skipped="0" failures="0" flakes="0">
  <properties>
[...]
</properties>
  <testcase name="contextLoads" classname="com.learning.deployment.testapp.TestappApplicationTests" time="0.629">
    <system-out><![CDATA[21:11:56.269 [main] INFO org.springframework.test.context.support.AnnotationConfigContextLoaderUtils -- Could not detect default configuration classes for test class [com.learning.deployment.testapp.TestappApplicationTests]: TestappApplicationTests does not declare any static, non-private, non-final, nested classes annotated with @Configuration.
21:11:56.389 [main] INFO org.springframework.boot.test.context.SpringBootTestContextBootstrapper -- Found @SpringBootConfiguration com.learning.deployment.testapp.TestappApplication for test class com.learning.deployment.testapp.TestappApplicationTests

  .   ____          _            __ _ _
 /\\ / ___'_ __ _ _(_)_ __  __ _ \ \ \ \
( ( )\___ | '_ | '_| | '_ \/ _` | \ \ \ \
 \\/  ___)| |_)| | | | | || (_| |  ) ) ) )
  '  |____| .__|_| |_|_| |_\__, | / / / /
 =========|_|==============|___/=/_/_/_/

 :: Spring Boot ::       (v4.2.0-SNAPSHOT)

2026-09-06T21:11:56.794+05:30  INFO 8412 --- [testapp] [           main] c.l.d.testapp.TestappApplicationTests    : Starting TestappApplicationTests using Java 25.0.3 with PID 8412 (started by soham in D:\Coding Learning\Experiment Learnings\Deployments\TestDeployment\testapp)
2026-09-06T21:11:56.796+05:30  INFO 8412 --- [testapp] [           main] c.l.d.testapp.TestappApplicationTests    : No active profile set, falling back to 1 default profile: "default"
2026-09-06T21:11:57.796+05:30  INFO 8412 --- [testapp] [           main] c.l.d.testapp.TestappApplicationTests    : Started TestappApplicationTests in 1.245 seconds (process running for 2.35)
]]></system-out>
    <system-err><![CDATA[Mockito is currently self-attaching to enable the inline-mock-maker. This will no longer work in future releases of the JDK. Please add Mockito as an agent to your build as described in Mockito's documentation: https://javadoc.io/doc/org.mockito/mockito-core/latest/org.mockito/org/mockito/Mockito.html#0.3
WARNING: A Java agent has been loaded dynamically (C:\Users\soham\.m2\repository\net\bytebuddy\byte-buddy-agent\1.18.11\byte-buddy-agent-1.18.11.jar)
WARNING: If a serviceability tool is in use, please run with -XX:+EnableDynamicAgentLoading to hide this warning
WARNING: If a serviceability tool is not in use, please run with -Djdk.instrument.traceUsage for more information
WARNING: Dynamic loading of agents will be disallowed by default in a future release
]]></system-err>
  </testcase>
</testsuite>